<?xml version="1.0" encoding="UTF-8"?>
<!-- Generated by org.testng.reporters.JUnitReportReporter -->
<testsuite hostname="SF-LAP-439" failures="0" tests="2" name="com.cogmento.qa.testcases.CommonFeaturesTest" time="22.396" errors="0" timestamp="2023-01-24T12:45:22 IST" skipped="0">
  <testcase classname="com.cogmento.qa.testcases.CommonFeaturesTest" name="validateSettingButton" time="7.020"/>
  <system-out/>
  <testcase classname="com.cogmento.qa.testcases.CommonFeaturesTest" name="validateProductIcon" time="15.376"/>
  <system-out/>
</testsuite> <!-- com.cogmento.qa.testcases.CommonFeaturesTest -->
