<?xml version="1.0" encoding="UTF-8"?>
<!-- Generated by org.testng.reporters.JUnitReportReporter -->
<testsuite hostname="SF-LAP-439" failures="0" tests="4" name="com.cogmento.qa.testcases.HomePageTest" time="2.561" errors="0" timestamp="2023-07-07T01:19:31 IST" skipped="0">
  <testcase classname="com.cogmento.qa.testcases.HomePageTest" name="verifyHomePageTitle" time="0.013"/>
  <testcase classname="com.cogmento.qa.testcases.HomePageTest" name="verifyUserName" time="2.279"/>
  <testcase classname="com.cogmento.qa.testcases.HomePageTest" name="verifyContactsPage" time="0.154"/>
  <testcase classname="com.cogmento.qa.testcases.HomePageTest" name="verifyCompaniesPage" time="0.115"/>
</testsuite> <!-- com.cogmento.qa.testcases.HomePageTest -->
