<?xml version="1.0" encoding="UTF-8"?>
<!-- Generated by org.testng.reporters.JUnitReportReporter -->
<testsuite hostname="SF-LAP-439" failures="0" tests="3" name="com.cogmento.qa.testcases.ForgotPasswordTest" time="3.979" errors="0" timestamp="2023-07-07T01:19:31 IST" skipped="0">
  <testcase classname="com.cogmento.qa.testcases.ForgotPasswordTest" name="validatePassword" time="2.054"/>
  <testcase classname="com.cogmento.qa.testcases.ForgotPasswordTest" name="validateEntermail" time="0.134"/>
  <testcase classname="com.cogmento.qa.testcases.ForgotPasswordTest" name="validateRestButton" time="1.791"/>
</testsuite> <!-- com.cogmento.qa.testcases.ForgotPasswordTest -->
