<?xml version="1.0" encoding="UTF-8"?>
<!-- Generated by org.testng.reporters.JUnitReportReporter -->
<testsuite hostname="SF-LAP-439" failures="0" tests="2" name="com.cogmento.qa.testcases.LoginPageTest" time="3.909" errors="0" timestamp="2023-07-07T01:19:31 IST" skipped="0">
  <testcase classname="com.cogmento.qa.testcases.LoginPageTest" name="loginPageTitleTest" time="0.207"/>
  <testcase classname="com.cogmento.qa.testcases.LoginPageTest" name="loginTest" time="3.702"/>
</testsuite> <!-- com.cogmento.qa.testcases.LoginPageTest -->
